[05-May-2016 21:05:39 UTC] PHP Parse error:  syntax error, unexpected '<' in /home/ubuntu/workspace/wp-content/themes/twentysixteen-child/functions.php on line 14
[05-May-2016 21:05:39 UTC] PHP Stack trace:
[05-May-2016 21:05:39 UTC] PHP   1. {main}() /home/ubuntu/workspace/wp-admin/admin-ajax.php:0
[05-May-2016 21:05:39 UTC] PHP   2. require_once() /home/ubuntu/workspace/wp-admin/admin-ajax.php:22
[05-May-2016 21:05:39 UTC] PHP   3. require_once() /home/ubuntu/workspace/wp-load.php:37
[05-May-2016 21:05:39 UTC] PHP   4. require_once() /home/ubuntu/workspace/wp-config.php:92
[10-May-2016 21:34:56 UTC] PHP Parse error:  syntax error, unexpected '}' in /home/ubuntu/workspace/wp-content/themes/html5blank-stable/functions.php on line 127
[10-May-2016 21:34:56 UTC] PHP Stack trace:
[10-May-2016 21:34:56 UTC] PHP   1. {main}() /home/ubuntu/workspace/wp-admin/admin-ajax.php:0
[10-May-2016 21:34:56 UTC] PHP   2. require_once() /home/ubuntu/workspace/wp-admin/admin-ajax.php:22
[10-May-2016 21:34:56 UTC] PHP   3. require_once() /home/ubuntu/workspace/wp-load.php:37
[10-May-2016 21:34:56 UTC] PHP   4. require_once() /home/ubuntu/workspace/wp-config.php:92
[10-May-2016 21:35:57 UTC] PHP Parse error:  syntax error, unexpected '}' in /home/ubuntu/workspace/wp-content/themes/html5blank-stable/functions.php on line 127
[10-May-2016 21:35:57 UTC] PHP Stack trace:
[10-May-2016 21:35:57 UTC] PHP   1. {main}() /home/ubuntu/workspace/wp-admin/admin-ajax.php:0
[10-May-2016 21:35:57 UTC] PHP   2. require_once() /home/ubuntu/workspace/wp-admin/admin-ajax.php:22
[10-May-2016 21:35:57 UTC] PHP   3. require_once() /home/ubuntu/workspace/wp-load.php:37
[10-May-2016 21:35:57 UTC] PHP   4. require_once() /home/ubuntu/workspace/wp-config.php:92
[10-May-2016 21:37:57 UTC] PHP Parse error:  syntax error, unexpected '}' in /home/ubuntu/workspace/wp-content/themes/html5blank-stable/functions.php on line 127
[10-May-2016 21:37:57 UTC] PHP Stack trace:
[10-May-2016 21:37:57 UTC] PHP   1. {main}() /home/ubuntu/workspace/wp-admin/admin-ajax.php:0
[10-May-2016 21:37:57 UTC] PHP   2. require_once() /home/ubuntu/workspace/wp-admin/admin-ajax.php:22
[10-May-2016 21:37:57 UTC] PHP   3. require_once() /home/ubuntu/workspace/wp-load.php:37
[10-May-2016 21:37:57 UTC] PHP   4. require_once() /home/ubuntu/workspace/wp-config.php:92
